**********************
Windows PowerShell transcript start
Start time: 20260717182957
Username: ONBASE\knatua
RunAs User: ONBASE\knatua
Configuration Name: 
Machine: HYL-066238 (Microsoft Windows NT 10.0.26100.0)
Host Application: C:\WINDOWS\System32\WindowsPowerShell\v1.0\powershell.exe -ExecutionPolicy Bypass -File .\BrokenLinkChecker.ps1
Process ID: 12640
PSVersion: 5.1.26100.8655
PSEdition: Desktop
PSCompatibleVersions: 1.0, 2.0, 3.0, 4.0, 5.0, 5.1.26100.8655
BuildVersion: 10.0.26100.8655
CLRVersion: 4.0.30319.42000
WSManStackVersion: 3.0
PSRemotingProtocolVersion: 2.3
SerializationVersion: 1.1.0.1
**********************
Transcript started, output file is C:\Users\knatua\Pictures\Broken\BrokenLinkChecker\BrokenLinkChecker.log
[07/17/2026 18:29:57] Script starting...
[07/17/2026 18:29:57] Launching GUI...
[07/17/2026 18:29:57] Base URL: https://hyland.atlassian.net/wiki
[07/17/2026 18:29:57] Token loaded: False
[07/17/2026 18:30:01] Script ending.
**********************
Windows PowerShell transcript end
End time: 20260717183001
**********************
